빌드 시작: 2014-12-08 오후 9:40:05
     1>2 노드의 "C:\Users\경준\Desktop\자료구조 텀프\신세계(사원 출입 보안 프로그램)_자료구조니까 자러가죠팀\신세계(사원 출입 보안 프로그램)_자료구조니까 자러가죠팀\신세계(사원 출입 보안 프로그램)_자료구조니까 자러가죠팀.vcxproj" 프로젝트(build 대상)입니다.
     1>InitializeBuildStatus:
         "Debug\신세계(사원 출입 보안 프로그램)_자료구조니까 자러가죠팀.unsuccessfulbuild"에 연결(touching)하고 있습니다.
       ClCompile:
         c:\Program Files (x86)\Microsoft Visual Studio 10.0\VC\bin\CL.exe /c /ZI /nologo /W3 /WX- /Od /Oy- /D WIN32 /D _DEBUG /D _CONSOLE /D _UNICODE /D UNICODE /Gm /EHsc /RTC1 /MDd /GS /fp:precise /Zc:wchar_t /Zc:forScope /Fo"Debug\\" /Fd"Debug\vc100.pdb" /Gd /TC /analyze- /errorReport:prompt program_main.c
         program_main.c
     1>c:\users\경준\desktop\자료구조 텀프\신세계(사원 출입 보안 프로그램)_자료구조니까 자러가죠팀\신세계(사원 출입 보안 프로그램)_자료구조니까 자러가죠팀\program_main.c(16): warning C4996: 'scanf': This function or variable may be unsafe. Consider using scanf_s instead. To disable deprecation, use _CRT_SECURE_NO_WARNINGS. See online help for details.
                 c:\program files (x86)\microsoft visual studio 10.0\vc\include\stdio.h(304) : 'scanf' 선언을 참조하십시오.
     1>c:\users\경준\desktop\자료구조 텀프\신세계(사원 출입 보안 프로그램)_자료구조니까 자러가죠팀\신세계(사원 출입 보안 프로그램)_자료구조니까 자러가죠팀\program_main.c(25): warning C4013: 'menu_outline'이(가) 정의되지 않았습니다. extern은 int형을 반환하는 것으로 간주합니다.
     1>c:\users\경준\desktop\자료구조 텀프\신세계(사원 출입 보안 프로그램)_자료구조니까 자러가죠팀\신세계(사원 출입 보안 프로그램)_자료구조니까 자러가죠팀\program_main.c(40): warning C4047: '초기화 중' : 'char'의 간접 참조 수준이 'void *'과(와) 다릅니다.
     1>c:\users\경준\desktop\자료구조 텀프\신세계(사원 출입 보안 프로그램)_자료구조니까 자러가죠팀\신세계(사원 출입 보안 프로그램)_자료구조니까 자러가죠팀\program_main.c(40): warning C4047: '초기화 중' : 'char'의 간접 참조 수준이 'void *'과(와) 다릅니다.
     1>c:\users\경준\desktop\자료구조 텀프\신세계(사원 출입 보안 프로그램)_자료구조니까 자러가죠팀\신세계(사원 출입 보안 프로그램)_자료구조니까 자러가죠팀\program_main.c(41): warning C4047: '초기화 중' : 'char'의 간접 참조 수준이 'void *'과(와) 다릅니다.
     1>c:\users\경준\desktop\자료구조 텀프\신세계(사원 출입 보안 프로그램)_자료구조니까 자러가죠팀\신세계(사원 출입 보안 프로그램)_자료구조니까 자러가죠팀\program_main.c(41): warning C4047: '초기화 중' : 'char'의 간접 참조 수준이 'void *'과(와) 다릅니다.
     1>c:\users\경준\desktop\자료구조 텀프\신세계(사원 출입 보안 프로그램)_자료구조니까 자러가죠팀\신세계(사원 출입 보안 프로그램)_자료구조니까 자러가죠팀\program_main.c(60): warning C4013: 'init_user_list'이(가) 정의되지 않았습니다. extern은 int형을 반환하는 것으로 간주합니다.
     1>c:\users\경준\desktop\자료구조 텀프\신세계(사원 출입 보안 프로그램)_자료구조니까 자러가죠팀\신세계(사원 출입 보안 프로그램)_자료구조니까 자러가죠팀\program_main.c(60): warning C4047: '=' : 'UserList *'의 간접 참조 수준이 'int'과(와) 다릅니다.
     1>c:\users\경준\desktop\자료구조 텀프\신세계(사원 출입 보안 프로그램)_자료구조니까 자러가죠팀\신세계(사원 출입 보안 프로그램)_자료구조니까 자러가죠팀\program_main.c(61): warning C4013: 'init_div_list'이(가) 정의되지 않았습니다. extern은 int형을 반환하는 것으로 간주합니다.
     1>c:\users\경준\desktop\자료구조 텀프\신세계(사원 출입 보안 프로그램)_자료구조니까 자러가죠팀\신세계(사원 출입 보안 프로그램)_자료구조니까 자러가죠팀\program_main.c(61): warning C4047: '=' : 'DivList *'의 간접 참조 수준이 'int'과(와) 다릅니다.
     1>c:\users\경준\desktop\자료구조 텀프\신세계(사원 출입 보안 프로그램)_자료구조니까 자러가죠팀\신세계(사원 출입 보안 프로그램)_자료구조니까 자러가죠팀\program_main.c(69): warning C4013: 'menu_sel'이(가) 정의되지 않았습니다. extern은 int형을 반환하는 것으로 간주합니다.
     1>c:\users\경준\desktop\자료구조 텀프\신세계(사원 출입 보안 프로그램)_자료구조니까 자러가죠팀\신세계(사원 출입 보안 프로그램)_자료구조니까 자러가죠팀\program_main.c(79): warning C4996: 'gets': This function or variable may be unsafe. Consider using gets_s instead. To disable deprecation, use _CRT_SECURE_NO_WARNINGS. See online help for details.
                 c:\program files (x86)\microsoft visual studio 10.0\vc\include\stdio.h(277) : 'gets' 선언을 참조하십시오.
     1>c:\users\경준\desktop\자료구조 텀프\신세계(사원 출입 보안 프로그램)_자료구조니까 자러가죠팀\신세계(사원 출입 보안 프로그램)_자료구조니까 자러가죠팀\program_main.c(82): warning C4996: 'gets': This function or variable may be unsafe. Consider using gets_s instead. To disable deprecation, use _CRT_SECURE_NO_WARNINGS. See online help for details.
                 c:\program files (x86)\microsoft visual studio 10.0\vc\include\stdio.h(277) : 'gets' 선언을 참조하십시오.
     1>c:\users\경준\desktop\자료구조 텀프\신세계(사원 출입 보안 프로그램)_자료구조니까 자러가죠팀\신세계(사원 출입 보안 프로그램)_자료구조니까 자러가죠팀\program_main.c(117): warning C4013: 'display_user_list'이(가) 정의되지 않았습니다. extern은 int형을 반환하는 것으로 간주합니다.
     1>c:\users\경준\desktop\자료구조 텀프\신세계(사원 출입 보안 프로그램)_자료구조니까 자러가죠팀\신세계(사원 출입 보안 프로그램)_자료구조니까 자러가죠팀\program_main.c(121): warning C4013: 'create_user_node'이(가) 정의되지 않았습니다. extern은 int형을 반환하는 것으로 간주합니다.
     1>c:\users\경준\desktop\자료구조 텀프\신세계(사원 출입 보안 프로그램)_자료구조니까 자러가죠팀\신세계(사원 출입 보안 프로그램)_자료구조니까 자러가죠팀\program_main.c(121): warning C4047: '=' : 'UserList *'의 간접 참조 수준이 'int'과(와) 다릅니다.
     1>c:\users\경준\desktop\자료구조 텀프\신세계(사원 출입 보안 프로그램)_자료구조니까 자러가죠팀\신세계(사원 출입 보안 프로그램)_자료구조니까 자러가죠팀\program_main.c(127): warning C4996: 'gets': This function or variable may be unsafe. Consider using gets_s instead. To disable deprecation, use _CRT_SECURE_NO_WARNINGS. See online help for details.
                 c:\program files (x86)\microsoft visual studio 10.0\vc\include\stdio.h(277) : 'gets' 선언을 참조하십시오.
     1>c:\users\경준\desktop\자료구조 텀프\신세계(사원 출입 보안 프로그램)_자료구조니까 자러가죠팀\신세계(사원 출입 보안 프로그램)_자료구조니까 자러가죠팀\program_main.c(129): warning C4013: 'search_user_node'이(가) 정의되지 않았습니다. extern은 int형을 반환하는 것으로 간주합니다.
     1>c:\users\경준\desktop\자료구조 텀프\신세계(사원 출입 보안 프로그램)_자료구조니까 자러가죠팀\신세계(사원 출입 보안 프로그램)_자료구조니까 자러가죠팀\program_main.c(129): warning C4047: '=' : 'UserList *'의 간접 참조 수준이 'int'과(와) 다릅니다.
     1>c:\users\경준\desktop\자료구조 텀프\신세계(사원 출입 보안 프로그램)_자료구조니까 자러가죠팀\신세계(사원 출입 보안 프로그램)_자료구조니까 자러가죠팀\program_main.c(145): warning C4013: 'check_user_location'이(가) 정의되지 않았습니다. extern은 int형을 반환하는 것으로 간주합니다.
     1>c:\users\경준\desktop\자료구조 텀프\신세계(사원 출입 보안 프로그램)_자료구조니까 자러가죠팀\신세계(사원 출입 보안 프로그램)_자료구조니까 자러가죠팀\program_main.c(149): warning C4013: 'check_user_log'이(가) 정의되지 않았습니다. extern은 int형을 반환하는 것으로 간주합니다.
     1>c:\users\경준\desktop\자료구조 텀프\신세계(사원 출입 보안 프로그램)_자료구조니까 자러가죠팀\신세계(사원 출입 보안 프로그램)_자료구조니까 자러가죠팀\program_main.c(153): warning C4013: 'change_user_node'이(가) 정의되지 않았습니다. extern은 int형을 반환하는 것으로 간주합니다.
     1>c:\users\경준\desktop\자료구조 텀프\신세계(사원 출입 보안 프로그램)_자료구조니까 자러가죠팀\신세계(사원 출입 보안 프로그램)_자료구조니까 자러가죠팀\program_main.c(153): warning C4047: '=' : 'UserList *'의 간접 참조 수준이 'int'과(와) 다릅니다.
     1>c:\users\경준\desktop\자료구조 텀프\신세계(사원 출입 보안 프로그램)_자료구조니까 자러가죠팀\신세계(사원 출입 보안 프로그램)_자료구조니까 자러가죠팀\program_main.c(157): warning C4013: 'delete_user_node'이(가) 정의되지 않았습니다. extern은 int형을 반환하는 것으로 간주합니다.
     1>c:\users\경준\desktop\자료구조 텀프\신세계(사원 출입 보안 프로그램)_자료구조니까 자러가죠팀\신세계(사원 출입 보안 프로그램)_자료구조니까 자러가죠팀\program_main.c(157): warning C4047: '=' : 'UserList *'의 간접 참조 수준이 'int'과(와) 다릅니다.
     1>c:\users\경준\desktop\자료구조 텀프\신세계(사원 출입 보안 프로그램)_자료구조니까 자러가죠팀\신세계(사원 출입 보안 프로그램)_자료구조니까 자러가죠팀\program_main.c(182): warning C4013: 'display_div_list'이(가) 정의되지 않았습니다. extern은 int형을 반환하는 것으로 간주합니다.
     1>c:\users\경준\desktop\자료구조 텀프\신세계(사원 출입 보안 프로그램)_자료구조니까 자러가죠팀\신세계(사원 출입 보안 프로그램)_자료구조니까 자러가죠팀\program_main.c(186): warning C4013: 'create_div_node'이(가) 정의되지 않았습니다. extern은 int형을 반환하는 것으로 간주합니다.
     1>c:\users\경준\desktop\자료구조 텀프\신세계(사원 출입 보안 프로그램)_자료구조니까 자러가죠팀\신세계(사원 출입 보안 프로그램)_자료구조니까 자러가죠팀\program_main.c(186): warning C4047: '=' : 'DivList *'의 간접 참조 수준이 'int'과(와) 다릅니다.
     1>c:\users\경준\desktop\자료구조 텀프\신세계(사원 출입 보안 프로그램)_자료구조니까 자러가죠팀\신세계(사원 출입 보안 프로그램)_자료구조니까 자러가죠팀\program_main.c(192): warning C4996: 'gets': This function or variable may be unsafe. Consider using gets_s instead. To disable deprecation, use _CRT_SECURE_NO_WARNINGS. See online help for details.
                 c:\program files (x86)\microsoft visual studio 10.0\vc\include\stdio.h(277) : 'gets' 선언을 참조하십시오.
     1>c:\users\경준\desktop\자료구조 텀프\신세계(사원 출입 보안 프로그램)_자료구조니까 자러가죠팀\신세계(사원 출입 보안 프로그램)_자료구조니까 자러가죠팀\program_main.c(194): warning C4013: 'search_div_node'이(가) 정의되지 않았습니다. extern은 int형을 반환하는 것으로 간주합니다.
     1>c:\users\경준\desktop\자료구조 텀프\신세계(사원 출입 보안 프로그램)_자료구조니까 자러가죠팀\신세계(사원 출입 보안 프로그램)_자료구조니까 자러가죠팀\program_main.c(194): warning C4047: '=' : 'DivList *'의 간접 참조 수준이 'int'과(와) 다릅니다.
     1>c:\users\경준\desktop\자료구조 텀프\신세계(사원 출입 보안 프로그램)_자료구조니까 자러가죠팀\신세계(사원 출입 보안 프로그램)_자료구조니까 자러가죠팀\program_main.c(210): warning C4013: 'print_hourly_visiting_users'이(가) 정의되지 않았습니다. extern은 int형을 반환하는 것으로 간주합니다.
     1>c:\users\경준\desktop\자료구조 텀프\신세계(사원 출입 보안 프로그램)_자료구조니까 자러가죠팀\신세계(사원 출입 보안 프로그램)_자료구조니까 자러가죠팀\program_main.c(214): warning C4013: 'check_div_log'이(가) 정의되지 않았습니다. extern은 int형을 반환하는 것으로 간주합니다.
     1>c:\users\경준\desktop\자료구조 텀프\신세계(사원 출입 보안 프로그램)_자료구조니까 자러가죠팀\신세계(사원 출입 보안 프로그램)_자료구조니까 자러가죠팀\program_main.c(218): warning C4013: 'change_div_node'이(가) 정의되지 않았습니다. extern은 int형을 반환하는 것으로 간주합니다.
     1>c:\users\경준\desktop\자료구조 텀프\신세계(사원 출입 보안 프로그램)_자료구조니까 자러가죠팀\신세계(사원 출입 보안 프로그램)_자료구조니까 자러가죠팀\program_main.c(218): warning C4047: '=' : 'DivList *'의 간접 참조 수준이 'int'과(와) 다릅니다.
     1>c:\users\경준\desktop\자료구조 텀프\신세계(사원 출입 보안 프로그램)_자료구조니까 자러가죠팀\신세계(사원 출입 보안 프로그램)_자료구조니까 자러가죠팀\program_main.c(222): warning C4013: 'delete_div_node'이(가) 정의되지 않았습니다. extern은 int형을 반환하는 것으로 간주합니다.
     1>c:\users\경준\desktop\자료구조 텀프\신세계(사원 출입 보안 프로그램)_자료구조니까 자러가죠팀\신세계(사원 출입 보안 프로그램)_자료구조니까 자러가죠팀\program_main.c(222): warning C4047: '=' : 'DivList *'의 간접 참조 수준이 'int'과(와) 다릅니다.
     1>c:\users\경준\desktop\자료구조 텀프\신세계(사원 출입 보안 프로그램)_자료구조니까 자러가죠팀\신세계(사원 출입 보안 프로그램)_자료구조니까 자러가죠팀\program_main.c(247): warning C4996: 'gets': This function or variable may be unsafe. Consider using gets_s instead. To disable deprecation, use _CRT_SECURE_NO_WARNINGS. See online help for details.
                 c:\program files (x86)\microsoft visual studio 10.0\vc\include\stdio.h(277) : 'gets' 선언을 참조하십시오.
     1>c:\users\경준\desktop\자료구조 텀프\신세계(사원 출입 보안 프로그램)_자료구조니까 자러가죠팀\신세계(사원 출입 보안 프로그램)_자료구조니까 자러가죠팀\program_main.c(249): warning C4047: '=' : 'UserList *'의 간접 참조 수준이 'int'과(와) 다릅니다.
     1>c:\users\경준\desktop\자료구조 텀프\신세계(사원 출입 보안 프로그램)_자료구조니까 자러가죠팀\신세계(사원 출입 보안 프로그램)_자료구조니까 자러가죠팀\program_main.c(263): warning C4047: '=' : 'DivList *'의 간접 참조 수준이 'int'과(와) 다릅니다.
     1>c:\users\경준\desktop\자료구조 텀프\신세계(사원 출입 보안 프로그램)_자료구조니까 자러가죠팀\신세계(사원 출입 보안 프로그램)_자료구조니까 자러가죠팀\program_main.c(280): warning C4013: 'in_company'이(가) 정의되지 않았습니다. extern은 int형을 반환하는 것으로 간주합니다.
     1>c:\users\경준\desktop\자료구조 텀프\신세계(사원 출입 보안 프로그램)_자료구조니까 자러가죠팀\신세계(사원 출입 보안 프로그램)_자료구조니까 자러가죠팀\program_main.c(280): warning C4047: '=' : 'UserList *'의 간접 참조 수준이 'int'과(와) 다릅니다.
     1>c:\users\경준\desktop\자료구조 텀프\신세계(사원 출입 보안 프로그램)_자료구조니까 자러가죠팀\신세계(사원 출입 보안 프로그램)_자료구조니까 자러가죠팀\program_main.c(284): warning C4013: 'out_company'이(가) 정의되지 않았습니다. extern은 int형을 반환하는 것으로 간주합니다.
     1>c:\users\경준\desktop\자료구조 텀프\신세계(사원 출입 보안 프로그램)_자료구조니까 자러가죠팀\신세계(사원 출입 보안 프로그램)_자료구조니까 자러가죠팀\program_main.c(284): warning C4047: '=' : 'UserList *'의 간접 참조 수준이 'int'과(와) 다릅니다.
     1>c:\users\경준\desktop\자료구조 텀프\신세계(사원 출입 보안 프로그램)_자료구조니까 자러가죠팀\신세계(사원 출입 보안 프로그램)_자료구조니까 자러가죠팀\program_main.c(300): warning C4013: 'in_div'이(가) 정의되지 않았습니다. extern은 int형을 반환하는 것으로 간주합니다.
     1>c:\users\경준\desktop\자료구조 텀프\신세계(사원 출입 보안 프로그램)_자료구조니까 자러가죠팀\신세계(사원 출입 보안 프로그램)_자료구조니까 자러가죠팀\program_main.c(300): warning C4047: '=' : 'UserList *'의 간접 참조 수준이 'int'과(와) 다릅니다.
     1>c:\users\경준\desktop\자료구조 텀프\신세계(사원 출입 보안 프로그램)_자료구조니까 자러가죠팀\신세계(사원 출입 보안 프로그램)_자료구조니까 자러가죠팀\program_main.c(304): warning C4013: 'out_div'이(가) 정의되지 않았습니다. extern은 int형을 반환하는 것으로 간주합니다.
     1>c:\users\경준\desktop\자료구조 텀프\신세계(사원 출입 보안 프로그램)_자료구조니까 자러가죠팀\신세계(사원 출입 보안 프로그램)_자료구조니까 자러가죠팀\program_main.c(304): warning C4047: '=' : 'UserList *'의 간접 참조 수준이 'int'과(와) 다릅니다.
     1>c:\users\경준\desktop\자료구조 텀프\신세계(사원 출입 보안 프로그램)_자료구조니까 자러가죠팀\신세계(사원 출입 보안 프로그램)_자료구조니까 자러가죠팀\program_main.c(44): warning C4101: 'key' :참조되지 않은 지역 변수입니다.
     1>c:\users\경준\desktop\자료구조 텀프\신세계(사원 출입 보안 프로그램)_자료구조니까 자러가죠팀\신세계(사원 출입 보안 프로그램)_자료구조니까 자러가죠팀\program_main.c(55): warning C4101: 'tmp_div' :참조되지 않은 지역 변수입니다.
       ManifestResourceCompile:
         C:\Program Files (x86)\Microsoft SDKs\Windows\v7.0A\bin\rc.exe /nologo /fo"Debug\신세계(사원 출입 보안 프로그램)_자료구조니까 자러가죠팀.exe.embed.manifest.res" "Debug\신세계(사원 출입 보안 프로그램)_자료구조니까 자러가죠팀_manifest.rc" 
       Link:
         c:\Program Files (x86)\Microsoft Visual Studio 10.0\VC\bin\link.exe /ERRORREPORT:PROMPT /OUT:"C:\Users\경준\Desktop\자료구조 텀프\신세계(사원 출입 보안 프로그램)_자료구조니까 자러가죠팀\Debug\신세계(사원 출입 보안 프로그램)_자료구조니까 자러가죠팀.exe" /INCREMENTAL /NOLOGO kernel32.lib user32.lib gdi32.lib winspool.lib comdlg32.lib advapi32.lib shell32.lib ole32.lib oleaut32.lib uuid.lib odbc32.lib odbccp32.lib /MANIFEST /ManifestFile:"Debug\신세계(사원 출입 보안 프로그램)_자료구조니까 자러가죠팀.exe.intermediate.manifest" /MANIFESTUAC:"level='asInvoker' uiAccess='false'" /DEBUG /PDB:"C:\Users\경준\Desktop\자료구조 텀프\신세계(사원 출입 보안 프로그램)_자료구조니까 자러가죠팀\Debug\신세계(사원 출입 보안 프로그램)_자료구조니까 자러가죠팀.pdb" /SUBSYSTEM:CONSOLE /TLBID:1 /DYNAMICBASE /NXCOMPAT /IMPLIB:"C:\Users\경준\Desktop\자료구조 텀프\신세계(사원 출입 보안 프로그램)_자료구조니까 자러가죠팀\Debug\신세계(사원 출입 보안 프로그램)_자료구조니까 자러가죠팀.lib" /MACHINE:X86 "Debug\신세계(사원 출입 보안 프로그램)_자료구조니까 자러가죠팀.exe.embed.manifest.res"
         Debug\algorithm_admin.obj
         Debug\algorithm_user.obj
         Debug\interface.obj
         Debug\program_main.obj
       Manifest:
         C:\Program Files (x86)\Microsoft SDKs\Windows\v7.0A\bin\mt.exe /nologo /verbose /out:"Debug\신세계(사원 출입 보안 프로그램)_자료구조니까 자러가죠팀.exe.embed.manifest" /manifest "Debug\신세계(사원 출입 보안 프로그램)_자료구조니까 자러가죠팀.exe.intermediate.manifest"
         C:\Program Files (x86)\Microsoft SDKs\Windows\v7.0A\bin\rc.exe /nologo /fo"Debug\신세계(사원 출입 보안 프로그램)_자료구조니까 자러가죠팀.exe.embed.manifest.res" "Debug\신세계(사원 출입 보안 프로그램)_자료구조니까 자러가죠팀_manifest.rc" 
       LinkEmbedManifest:
         c:\Program Files (x86)\Microsoft Visual Studio 10.0\VC\bin\link.exe /ERRORREPORT:PROMPT /OUT:"C:\Users\경준\Desktop\자료구조 텀프\신세계(사원 출입 보안 프로그램)_자료구조니까 자러가죠팀\Debug\신세계(사원 출입 보안 프로그램)_자료구조니까 자러가죠팀.exe" /INCREMENTAL /NOLOGO kernel32.lib user32.lib gdi32.lib winspool.lib comdlg32.lib advapi32.lib shell32.lib ole32.lib oleaut32.lib uuid.lib odbc32.lib odbccp32.lib /MANIFEST /ManifestFile:"Debug\신세계(사원 출입 보안 프로그램)_자료구조니까 자러가죠팀.exe.intermediate.manifest" /MANIFESTUAC:"level='asInvoker' uiAccess='false'" /DEBUG /PDB:"C:\Users\경준\Desktop\자료구조 텀프\신세계(사원 출입 보안 프로그램)_자료구조니까 자러가죠팀\Debug\신세계(사원 출입 보안 프로그램)_자료구조니까 자러가죠팀.pdb" /SUBSYSTEM:CONSOLE /TLBID:1 /DYNAMICBASE /NXCOMPAT /IMPLIB:"C:\Users\경준\Desktop\자료구조 텀프\신세계(사원 출입 보안 프로그램)_자료구조니까 자러가죠팀\Debug\신세계(사원 출입 보안 프로그램)_자료구조니까 자러가죠팀.lib" /MACHINE:X86 "Debug\신세계(사원 출입 보안 프로그램)_자료구조니까 자러가죠팀.exe.embed.manifest.res"
         Debug\algorithm_admin.obj
         Debug\algorithm_user.obj
         Debug\interface.obj
         Debug\program_main.obj
         신세계(사원 출입 보안 프로그램)_자료구조니까 자러가죠팀.vcxproj -> C:\Users\경준\Desktop\자료구조 텀프\신세계(사원 출입 보안 프로그램)_자료구조니까 자러가죠팀\Debug\신세계(사원 출입 보안 프로그램)_자료구조니까 자러가죠팀.exe
       FinalizeBuildStatus:
         "Debug\신세계(사원 출입 보안 프로그램)_자료구조니까 자러가죠팀.unsuccessfulbuild" 파일을 삭제하고 있습니다.
         "Debug\신세계(사원 출입 보안 프로그램)_자료구조니까 자러가죠팀.lastbuildstate"에 연결(touching)하고 있습니다.
     1>"C:\Users\경준\Desktop\자료구조 텀프\신세계(사원 출입 보안 프로그램)_자료구조니까 자러가죠팀\신세계(사원 출입 보안 프로그램)_자료구조니까 자러가죠팀\신세계(사원 출입 보안 프로그램)_자료구조니까 자러가죠팀.vcxproj" 프로젝트를 빌드했습니다(build 대상).

빌드했습니다.

경과 시간: 00:00:01.09
